<?xml version="1.0" encoding="UTF-8"?>
<!-- Generated by org.testng.reporters.JUnitXMLReporter -->
<testsuite hostname="Lenovo-PC" name="regressiontesting" tests="4" failures="0" timestamp="10 Jun 2020 10:04:06 GMT" time="36.108" errors="0">
  <testcase name="verifycontactdetailpageforlicenseuser" time="1.743" classname="com.applicationname.businessscripts.ContactUs"/>
  <testcase name="verifypopupforpasswordrules" time="2.613" classname="com.applicationname.businessscripts.CreateAnAccount"/>
  <testcase name="creatingtheaccount" time="3.301" classname="com.applicationname.businessscripts.CreateAnAccount"/>
  <testcase name="fDNY_RegisterExam_coreectuerdetails" time="10.149" classname="com.applicationname.businessscripts.RegisterForTest"/>
</testsuite> <!-- regressiontesting -->
