<?xml version="1.0" encoding="UTF-8"?>
<testng-results skipped="0" failed="0" total="1" passed="1">
  <reporter-output>
  </reporter-output>
  <suite name="Default suite" duration-ms="35823" started-at="2020-06-11T02:19:04Z" finished-at="2020-06-11T02:19:40Z">
    <groups>
      <group name="regression">
        <method signature="ContactUs.verifycontactdetailpageforlicenseuser()[pri:0, instance:com.applicationname.businessscripts.ContactUs@75bd9247]" name="verifycontactdetailpageforlicenseuser" class="com.applicationname.businessscripts.ContactUs"/>
      </group> <!-- regression -->
    </groups>
    <test name="Default test" duration-ms="35823" started-at="2020-06-11T02:19:04Z" finished-at="2020-06-11T02:19:40Z">
      <class name="com.applicationname.businessscripts.ContactUs">
        <test-method status="PASS" signature="launchbrowser()[pri:0, instance:com.applicationname.businessscripts.ContactUs@75bd9247]" name="launchbrowser" is-config="true" duration-ms="9341" started-at="2020-06-11T07:49:04Z" finished-at="2020-06-11T07:49:14Z">
          <reporter-output>
          </reporter-output>
        </test-method> <!-- launchbrowser -->
        <test-method status="PASS" signature="clickoncontactus()[pri:0, instance:com.applicationname.businessscripts.ContactUs@75bd9247]" name="clickoncontactus" is-config="true" duration-ms="2129" started-at="2020-06-11T07:49:14Z" finished-at="2020-06-11T07:49:16Z">
          <reporter-output>
          </reporter-output>
        </test-method> <!-- clickoncontactus -->
        <test-method status="PASS" signature="verifycontactdetailpageforlicenseuser()[pri:0, instance:com.applicationname.businessscripts.ContactUs@75bd9247]" name="verifycontactdetailpageforlicenseuser" duration-ms="21126" started-at="2020-06-11T07:49:16Z" finished-at="2020-06-11T07:49:37Z">
          <reporter-output>
          </reporter-output>
        </test-method> <!-- verifycontactdetailpageforlicenseuser -->
        <test-method status="PASS" signature="clickonHomePagelink()[pri:0, instance:com.applicationname.businessscripts.ContactUs@75bd9247]" name="clickonHomePagelink" is-config="true" duration-ms="1837" started-at="2020-06-11T07:49:37Z" finished-at="2020-06-11T07:49:39Z">
          <reporter-output>
          </reporter-output>
        </test-method> <!-- clickonHomePagelink -->
        <test-method status="PASS" signature="tearDown()[pri:0, instance:com.applicationname.businessscripts.ContactUs@75bd9247]" name="tearDown" is-config="true" duration-ms="1366" started-at="2020-06-11T07:49:39Z" finished-at="2020-06-11T07:49:40Z">
          <reporter-output>
          </reporter-output>
        </test-method> <!-- tearDown -->
      </class> <!-- com.applicationname.businessscripts.ContactUs -->
    </test> <!-- Default test -->
  </suite> <!-- Default suite -->
</testng-results>
